# JRE version: Java(TM) SE Runtime Environment (21.0.6+8) (build 21.0.6+8-LTS-188)
# Java VM: Java HotSpot(TM) 64-Bit Server VM (21.0.6+8-LTS-188, mixed mode, sharing, tiered, compressed oops, compressed class ptrs, g1 gc, windows-amd64)
GC Precious Log:
 CardTable entry size: 512
 Card Set container configuration: InlinePtr #cards 4 size 8 Array Of Cards #cards 16 size 48 Howl #buckets 8 coarsen threshold 3686 Howl Bitmap #cards 512 size 80 coarsen threshold 460 Card regions per heap region 1 cards per card region 4096
 CPUs: 4 total, 4 available
 Memory: 8076M
 Large Page Support: Disabled
 NUMA Support: Disabled
 Compressed Oops: Enabled (Zero based)
 Heap Region Size: 2M
 Heap Min Capacity: 8M
 Heap Initial Capacity: 128M
 Heap Max Capacity: 4G
 Pre-touch: Disabled
 Parallel Workers: 4
 Concurrent Workers: 1
 Concurrent Refinement Workers: 4
 Periodic GC: Disabled
Heap:
 garbage-first heap   total 149504K, used 109952K [0x0000000700000000, 0x0000000800000000)
  region size 2048K, 6 young (12288K), 2 survivors (4096K)
 Metaspace       used 73047K, committed 75136K, reserved 1114112K
  class space    used 9951K, committed 11008K, reserved 1048576K
GC Heap History (20 events):
Event: 50.073 GC heap before
{Heap before GC invocations=18 (full 0):
 garbage-first heap   total 100352K, used 84039K [0x0000000700000000, 0x0000000800000000)
  region size 2048K, 12 young (24576K), 1 survivors (2048K)
 Metaspace       used 57376K, committed 59200K, reserved 1114112K
  class space    used 7891K, committed 8768K, reserved 1048576K
}
Event: 50.078 GC heap after
{Heap after GC invocations=19 (full 0):
 garbage-first heap   total 100352K, used 64319K [0x0000000700000000, 0x0000000800000000)
  region size 2048K, 1 young (2048K), 1 survivors (2048K)
 Metaspace       used 57376K, committed 59200K, reserved 1114112K
  class space    used 7891K, committed 8768K, reserved 1048576K
}
Event: 51.510 GC heap before
{Heap before GC invocations=20 (full 0):
 garbage-first heap   total 112640K, used 86847K [0x0000000700000000, 0x0000000800000000)
  region size 2048K, 13 young (26624K), 1 survivors (2048K)
 Metaspace       used 58688K, committed 60608K, reserved 1114112K
  class space    used 8114K, committed 9088K, reserved 1048576K
}
Event: 51.520 GC heap after
{Heap after GC invocations=21 (full 0):
 garbage-first heap   total 112640K, used 69951K [0x0000000700000000, 0x0000000800000000)
  region size 2048K, 2 young (4096K), 2 survivors (4096K)
 Metaspace       used 58688K, committed 60608K, reserved 1114112K
  class space    used 8114K, committed 9088K, reserved 1048576K
}
Event: 52.390 GC heap before
{Heap before GC invocations=21 (full 0):
 garbage-first heap   total 112640K, used 94527K [0x0000000700000000, 0x0000000800000000)
  region size 2048K, 15 young (30720K), 2 survivors (4096K)
 Metaspace       used 59923K, committed 61824K, reserved 1114112K
  class space    used 8271K, committed 9216K, reserved 1048576K
}
Event: 52.403 GC heap after
{Heap after GC invocations=22 (full 0):
 garbage-first heap   total 112640K, used 71601K [0x0000000700000000, 0x0000000800000000)
  region size 2048K, 2 young (4096K), 2 survivors (4096K)
 Metaspace       used 59923K, committed 61824K, reserved 1114112K
  class space    used 8271K, committed 9216K, reserved 1048576K
}
Event: 53.697 GC heap before
{Heap before GC invocations=22 (full 0):
 garbage-first heap   total 112640K, used 96177K [0x0000000700000000, 0x0000000800000000)
  region size 2048K, 14 young (28672K), 2 survivors (4096K)
 Metaspace       used 61723K, committed 63616K, reserved 1114112K
  class space    used 8509K, committed 9472K, reserved 1048576K
}
Event: 53.705 GC heap after
{Heap after GC invocations=23 (full 0):
 garbage-first heap   total 112640K, used 73052K [0x0000000700000000, 0x0000000800000000)
  region size 2048K, 1 young (2048K), 1 survivors (2048K)
 Metaspace       used 61723K, committed 63616K, reserved 1114112K
  class space    used 8509K, committed 9472K, reserved 1048576K
}
Event: 54.888 GC heap before
{Heap before GC invocations=24 (full 0):
 garbage-first heap   total 126976K, used 101724K [0x0000000700000000, 0x0000000800000000)
  region size 2048K, 14 young (28672K), 1 survivors (2048K)
 Metaspace       used 64823K, committed 66752K, reserved 1114112K
  class space    used 8892K, committed 9856K, reserved 1048576K
}
Event: 54.893 GC heap after
{Heap after GC invocations=25 (full 0):
 garbage-first heap   total 126976K, used 76577K [0x0000000700000000, 0x0000000800000000)
  region size 2048K, 2 young (4096K), 2 survivors (4096K)
 Metaspace       used 64823K, committed 66752K, reserved 1114112K
  class space    used 8892K, committed 9856K, reserved 1048576K
}
Event: 56.304 GC heap before
{Heap before GC invocations=25 (full 0):
 garbage-first heap   total 126976K, used 113441K [0x0000000700000000, 0x0000000800000000)
  region size 2048K, 19 young (38912K), 2 survivors (4096K)
 Metaspace       used 68507K, committed 70464K, reserved 1114112K
  class space    used 9391K, committed 10368K, reserved 1048576K
}
Event: 56.316 GC heap after
{Heap after GC invocations=26 (full 0):
 garbage-first heap   total 126976K, used 81230K [0x0000000700000000, 0x0000000800000000)
  region size 2048K, 3 young (6144K), 3 survivors (6144K)
 Metaspace       used 68507K, committed 70464K, reserved 1114112K
  class space    used 9391K, committed 10368K, reserved 1048576K
}
Event: 57.738 GC heap before
{Heap before GC invocations=26 (full 0):
 garbage-first heap   total 126976K, used 107854K [0x0000000700000000, 0x0000000800000000)
  region size 2048K, 17 young (34816K), 3 survivors (6144K)
 Metaspace       used 70960K, committed 72896K, reserved 1114112K
  class space    used 9701K, committed 10688K, reserved 1048576K
}
Event: 57.752 GC heap after
{Heap after GC invocations=27 (full 0):
 garbage-first heap   total 126976K, used 83443K [0x0000000700000000, 0x0000000800000000)
  region size 2048K, 3 young (6144K), 3 survivors (6144K)
 Metaspace       used 70960K, committed 72896K, reserved 1114112K
  class space    used 9701K, committed 10688K, reserved 1048576K
}
Event: 58.888 GC heap before
{Heap before GC invocations=28 (full 0):
 garbage-first heap   total 147456K, used 108019K [0x0000000700000000, 0x0000000800000000)
  region size 2048K, 15 young (30720K), 3 survivors (6144K)
 Metaspace       used 71689K, committed 73664K, reserved 1114112K
  class space    used 9778K, committed 10752K, reserved 1048576K
}
Event: 58.900 GC heap after
{Heap after GC invocations=29 (full 0):
 garbage-first heap   total 147456K, used 86893K [0x0000000700000000, 0x0000000800000000)
  region size 2048K, 2 young (4096K), 2 survivors (4096K)
 Metaspace       used 71689K, committed 73664K, reserved 1114112K
  class space    used 9778K, committed 10752K, reserved 1048576K
}
Event: 60.353 GC heap before
{Heap before GC invocations=29 (full 0):
 garbage-first heap   total 147456K, used 131949K [0x0000000700000000, 0x0000000800000000)
  region size 2048K, 24 young (49152K), 2 survivors (4096K)
 Metaspace       used 72513K, committed 74560K, reserved 1114112K
  class space    used 9892K, committed 10944K, reserved 1048576K
}
Event: 60.377 GC heap after
{Heap after GC invocations=30 (full 0):
 garbage-first heap   total 149504K, used 97676K [0x0000000700000000, 0x0000000800000000)
  region size 2048K, 3 young (6144K), 3 survivors (6144K)
 Metaspace       used 72513K, committed 74560K, reserved 1114112K
  class space    used 9892K, committed 10944K, reserved 1048576K
}
Event: 60.967 GC heap before
{Heap before GC invocations=30 (full 0):
 garbage-first heap   total 149504K, used 124300K [0x0000000700000000, 0x0000000800000000)
  region size 2048K, 18 young (36864K), 3 survivors (6144K)
 Metaspace       used 72931K, committed 75008K, reserved 1114112K
  class space    used 9936K, committed 10944K, reserved 1048576K
}
Event: 60.973 GC heap after
{Heap after GC invocations=31 (full 0):
 garbage-first heap   total 149504K, used 101760K [0x0000000700000000, 0x0000000800000000)
  region size 2048K, 2 young (4096K), 2 survivors (4096K)
 Metaspace       used 72931K, committed 75008K, reserved 1114112K
  class space    used 9936K, committed 10944K, reserved 1048576K
}

