# JRE version: OpenJDK Runtime Environment Temurin-21.0.8+9 (21.0.8+9) (build 21.0.8+9-LTS)
# Java VM: OpenJDK 64-Bit Server VM Temurin-21.0.8+9 (21.0.8+9-LTS, mixed mode, sharing, tiered, compressed oops, compressed class ptrs, parallel gc, windows-amd64)
GC Precious Log:
 CardTable entry size: 512
 CPUs: 4 total, 4 available
 Memory: 8076M
 Large Page Support: Disabled
 NUMA Support: Disabled
 Compressed Oops: Enabled (32-bit)
 Alignments: Space 512K, Generation 512K, Heap 2M
 Heap Min Capacity: 100M
 Heap Initial Capacity: 100M
 Heap Max Capacity: 2G
 Pre-touch: Disabled
 Parallel Workers: 4
Heap:
 PSYoungGen      total 20480K, used 10348K [0x00000000d5580000, 0x00000000d6f80000, 0x0000000100000000)
  eden space 18432K, 45% used [0x00000000d5580000,0x00000000d5d9c470,0x00000000d6780000)
  from space 2048K, 99% used [0x00000000d6780000,0x00000000d697ecb0,0x00000000d6980000)
  to   space 4096K, 0% used [0x00000000d6b80000,0x00000000d6b80000,0x00000000d6f80000)
 ParOldGen       total 68608K, used 39837K [0x0000000080000000, 0x0000000084300000, 0x00000000d5580000)
  object space 68608K, 58% used [0x0000000080000000,0x00000000826e7768,0x0000000084300000)
 Metaspace       used 54867K, committed 56000K, reserved 1114112K
  class space    used 5996K, committed 6528K, reserved 1048576K
GC Heap History (20 events):
Event: 21.576 GC heap before
{Heap before GC invocations=20 (full 2):
 PSYoungGen      total 25088K, used 24683K [0x00000000d5580000, 0x00000000d7100000, 0x0000000100000000)
  eden space 22016K, 100% used [0x00000000d5580000,0x00000000d6b00000,0x00000000d6b00000)
  from space 3072K, 86% used [0x00000000d6b80000,0x00000000d6e1aec0,0x00000000d6e80000)
  to   space 2560K, 0% used [0x00000000d6e80000,0x00000000d6e80000,0x00000000d7100000)
 ParOldGen       total 68608K, used 21772K [0x0000000080000000, 0x0000000084300000, 0x00000000d5580000)
  object space 68608K, 31% used [0x0000000080000000,0x0000000081543388,0x0000000084300000)
 Metaspace       used 48402K, committed 49664K, reserved 1114112K
  class space    used 5308K, committed 5888K, reserved 1048576K
}
Event: 21.583 GC heap after
{Heap after GC invocations=20 (full 2):
 PSYoungGen      total 24576K, used 2192K [0x00000000d5580000, 0x00000000d7100000, 0x0000000100000000)
  eden space 22016K, 0% used [0x00000000d5580000,0x00000000d5580000,0x00000000d6b00000)
  from space 2560K, 85% used [0x00000000d6e80000,0x00000000d70a4028,0x00000000d7100000)
  to   space 2560K, 0% used [0x00000000d6c00000,0x00000000d6c00000,0x00000000d6e80000)
 ParOldGen       total 68608K, used 22580K [0x0000000080000000, 0x0000000084300000, 0x00000000d5580000)
  object space 68608K, 32% used [0x0000000080000000,0x000000008160d3b8,0x0000000084300000)
 Metaspace       used 48402K, committed 49664K, reserved 1114112K
  class space    used 5308K, committed 5888K, reserved 1048576K
}
Event: 23.235 GC heap before
{Heap before GC invocations=21 (full 2):
 PSYoungGen      total 24576K, used 24208K [0x00000000d5580000, 0x00000000d7100000, 0x0000000100000000)
  eden space 22016K, 100% used [0x00000000d5580000,0x00000000d6b00000,0x00000000d6b00000)
  from space 2560K, 85% used [0x00000000d6e80000,0x00000000d70a4028,0x00000000d7100000)
  to   space 2560K, 0% used [0x00000000d6c00000,0x00000000d6c00000,0x00000000d6e80000)
 ParOldGen       total 68608K, used 22580K [0x0000000080000000, 0x0000000084300000, 0x00000000d5580000)
  object space 68608K, 32% used [0x0000000080000000,0x000000008160d3b8,0x0000000084300000)
 Metaspace       used 50527K, committed 51712K, reserved 1114112K
  class space    used 5541K, committed 6080K, reserved 1048576K
}
Event: 23.240 GC heap after
{Heap after GC invocations=21 (full 2):
 PSYoungGen      total 24576K, used 2422K [0x00000000d5580000, 0x00000000d7000000, 0x0000000100000000)
  eden space 22016K, 0% used [0x00000000d5580000,0x00000000d5580000,0x00000000d6b00000)
  from space 2560K, 94% used [0x00000000d6c00000,0x00000000d6e5db00,0x00000000d6e80000)
  to   space 1536K, 0% used [0x00000000d6e80000,0x00000000d6e80000,0x00000000d7000000)
 ParOldGen       total 68608K, used 24669K [0x0000000080000000, 0x0000000084300000, 0x00000000d5580000)
  object space 68608K, 35% used [0x0000000080000000,0x0000000081817440,0x0000000084300000)
 Metaspace       used 50527K, committed 51712K, reserved 1114112K
  class space    used 5541K, committed 6080K, reserved 1048576K
}
Event: 23.901 GC heap before
{Heap before GC invocations=22 (full 2):
 PSYoungGen      total 24576K, used 24438K [0x00000000d5580000, 0x00000000d7000000, 0x0000000100000000)
  eden space 22016K, 100% used [0x00000000d5580000,0x00000000d6b00000,0x00000000d6b00000)
  from space 2560K, 94% used [0x00000000d6c00000,0x00000000d6e5db00,0x00000000d6e80000)
  to   space 1536K, 0% used [0x00000000d6e80000,0x00000000d6e80000,0x00000000d7000000)
 ParOldGen       total 68608K, used 24669K [0x0000000080000000, 0x0000000084300000, 0x00000000d5580000)
  object space 68608K, 35% used [0x0000000080000000,0x0000000081817440,0x0000000084300000)
 Metaspace       used 50754K, committed 51904K, reserved 1114112K
  class space    used 5554K, committed 6080K, reserved 1048576K
}
Event: 23.908 GC heap after
{Heap after GC invocations=22 (full 2):
 PSYoungGen      total 22528K, used 1504K [0x00000000d5580000, 0x00000000d7400000, 0x0000000100000000)
  eden space 20992K, 0% used [0x00000000d5580000,0x00000000d5580000,0x00000000d6a00000)
  from space 1536K, 97% used [0x00000000d6e80000,0x00000000d6ff8030,0x00000000d7000000)
  to   space 4608K, 0% used [0x00000000d6a00000,0x00000000d6a00000,0x00000000d6e80000)
 ParOldGen       total 68608K, used 27431K [0x0000000080000000, 0x0000000084300000, 0x00000000d5580000)
  object space 68608K, 39% used [0x0000000080000000,0x0000000081ac9fc0,0x0000000084300000)
 Metaspace       used 50754K, committed 51904K, reserved 1114112K
  class space    used 5554K, committed 6080K, reserved 1048576K
}
Event: 24.989 GC heap before
{Heap before GC invocations=23 (full 2):
 PSYoungGen      total 22528K, used 22496K [0x00000000d5580000, 0x00000000d7400000, 0x0000000100000000)
  eden space 20992K, 100% used [0x00000000d5580000,0x00000000d6a00000,0x00000000d6a00000)
  from space 1536K, 97% used [0x00000000d6e80000,0x00000000d6ff8030,0x00000000d7000000)
  to   space 4608K, 0% used [0x00000000d6a00000,0x00000000d6a00000,0x00000000d6e80000)
 ParOldGen       total 68608K, used 27431K [0x0000000080000000, 0x0000000084300000, 0x00000000d5580000)
  object space 68608K, 39% used [0x0000000080000000,0x0000000081ac9fc0,0x0000000084300000)
 Metaspace       used 51297K, committed 52416K, reserved 1114112K
  class space    used 5631K, committed 6144K, reserved 1048576K
}
Event: 24.996 GC heap after
{Heap after GC invocations=23 (full 2):
 PSYoungGen      total 23552K, used 2050K [0x00000000d5580000, 0x00000000d7000000, 0x0000000100000000)
  eden space 20992K, 0% used [0x00000000d5580000,0x00000000d5580000,0x00000000d6a00000)
  from space 2560K, 80% used [0x00000000d6a00000,0x00000000d6c00810,0x00000000d6c80000)
  to   space 3072K, 0% used [0x00000000d6d00000,0x00000000d6d00000,0x00000000d7000000)
 ParOldGen       total 68608K, used 28904K [0x0000000080000000, 0x0000000084300000, 0x00000000d5580000)
  object space 68608K, 42% used [0x0000000080000000,0x0000000081c3a010,0x0000000084300000)
 Metaspace       used 51297K, committed 52416K, reserved 1114112K
  class space    used 5631K, committed 6144K, reserved 1048576K
}
Event: 25.419 GC heap before
{Heap before GC invocations=24 (full 2):
 PSYoungGen      total 23552K, used 23042K [0x00000000d5580000, 0x00000000d7000000, 0x0000000100000000)
  eden space 20992K, 100% used [0x00000000d5580000,0x00000000d6a00000,0x00000000d6a00000)
  from space 2560K, 80% used [0x00000000d6a00000,0x00000000d6c00810,0x00000000d6c80000)
  to   space 3072K, 0% used [0x00000000d6d00000,0x00000000d6d00000,0x00000000d7000000)
 ParOldGen       total 68608K, used 28904K [0x0000000080000000, 0x0000000084300000, 0x00000000d5580000)
  object space 68608K, 42% used [0x0000000080000000,0x0000000081c3a010,0x0000000084300000)
 Metaspace       used 51312K, committed 52416K, reserved 1114112K
  class space    used 5631K, committed 6144K, reserved 1048576K
}
Event: 25.425 GC heap after
{Heap after GC invocations=24 (full 2):
 PSYoungGen      total 23552K, used 2176K [0x00000000d5580000, 0x00000000d6f80000, 0x0000000100000000)
  eden space 20992K, 0% used [0x00000000d5580000,0x00000000d5580000,0x00000000d6a00000)
  from space 2560K, 85% used [0x00000000d6d00000,0x00000000d6f20010,0x00000000d6f80000)
  to   space 2560K, 0% used [0x00000000d6a00000,0x00000000d6a00000,0x00000000d6c80000)
 ParOldGen       total 68608K, used 30902K [0x0000000080000000, 0x0000000084300000, 0x00000000d5580000)
  object space 68608K, 45% used [0x0000000080000000,0x0000000081e2d948,0x0000000084300000)
 Metaspace       used 51312K, committed 52416K, reserved 1114112K
  class space    used 5631K, committed 6144K, reserved 1048576K
}
Event: 25.601 GC heap before
{Heap before GC invocations=25 (full 2):
 PSYoungGen      total 23552K, used 23168K [0x00000000d5580000, 0x00000000d6f80000, 0x0000000100000000)
  eden space 20992K, 100% used [0x00000000d5580000,0x00000000d6a00000,0x00000000d6a00000)
  from space 2560K, 85% used [0x00000000d6d00000,0x00000000d6f20010,0x00000000d6f80000)
  to   space 2560K, 0% used [0x00000000d6a00000,0x00000000d6a00000,0x00000000d6c80000)
 ParOldGen       total 68608K, used 30902K [0x0000000080000000, 0x0000000084300000, 0x00000000d5580000)
  object space 68608K, 45% used [0x0000000080000000,0x0000000081e2d948,0x0000000084300000)
 Metaspace       used 51324K, committed 52480K, reserved 1114112K
  class space    used 5631K, committed 6144K, reserved 1048576K
}
Event: 25.606 GC heap after
{Heap after GC invocations=25 (full 2):
 PSYoungGen      total 23040K, used 1924K [0x00000000d5580000, 0x00000000d6e00000, 0x0000000100000000)
  eden space 20992K, 0% used [0x00000000d5580000,0x00000000d5580000,0x00000000d6a00000)
  from space 2048K, 93% used [0x00000000d6a00000,0x00000000d6be1000,0x00000000d6c00000)
  to   space 2048K, 0% used [0x00000000d6c00000,0x00000000d6c00000,0x00000000d6e00000)
 ParOldGen       total 68608K, used 32998K [0x0000000080000000, 0x0000000084300000, 0x00000000d5580000)
  object space 68608K, 48% used [0x0000000080000000,0x0000000082039958,0x0000000084300000)
 Metaspace       used 51324K, committed 52480K, reserved 1114112K
  class space    used 5631K, committed 6144K, reserved 1048576K
}
Event: 26.110 GC heap before
{Heap before GC invocations=26 (full 2):
 PSYoungGen      total 23040K, used 22916K [0x00000000d5580000, 0x00000000d6e00000, 0x0000000100000000)
  eden space 20992K, 100% used [0x00000000d5580000,0x00000000d6a00000,0x00000000d6a00000)
  from space 2048K, 93% used [0x00000000d6a00000,0x00000000d6be1000,0x00000000d6c00000)
  to   space 2048K, 0% used [0x00000000d6c00000,0x00000000d6c00000,0x00000000d6e00000)
 ParOldGen       total 68608K, used 32998K [0x0000000080000000, 0x0000000084300000, 0x00000000d5580000)
  object space 68608K, 48% used [0x0000000080000000,0x0000000082039958,0x0000000084300000)
 Metaspace       used 51331K, committed 52480K, reserved 1114112K
  class space    used 5632K, committed 6144K, reserved 1048576K
}
Event: 26.115 GC heap after
{Heap after GC invocations=26 (full 2):
 PSYoungGen      total 20480K, used 2016K [0x00000000d5580000, 0x00000000d7300000, 0x0000000100000000)
  eden space 18432K, 0% used [0x00000000d5580000,0x00000000d5580000,0x00000000d6780000)
  from space 2048K, 98% used [0x00000000d6c00000,0x00000000d6df8010,0x00000000d6e00000)
  to   space 4608K, 0% used [0x00000000d6780000,0x00000000d6780000,0x00000000d6c00000)
 ParOldGen       total 68608K, used 34859K [0x0000000080000000, 0x0000000084300000, 0x00000000d5580000)
  object space 68608K, 50% used [0x0000000080000000,0x000000008220af80,0x0000000084300000)
 Metaspace       used 51331K, committed 52480K, reserved 1114112K
  class space    used 5632K, committed 6144K, reserved 1048576K
}
Event: 26.596 GC heap before
{Heap before GC invocations=27 (full 2):
 PSYoungGen      total 20480K, used 20448K [0x00000000d5580000, 0x00000000d7300000, 0x0000000100000000)
  eden space 18432K, 100% used [0x00000000d5580000,0x00000000d6780000,0x00000000d6780000)
  from space 2048K, 98% used [0x00000000d6c00000,0x00000000d6df8010,0x00000000d6e00000)
  to   space 4608K, 0% used [0x00000000d6780000,0x00000000d6780000,0x00000000d6c00000)
 ParOldGen       total 68608K, used 34859K [0x0000000080000000, 0x0000000084300000, 0x00000000d5580000)
  object space 68608K, 50% used [0x0000000080000000,0x000000008220af80,0x0000000084300000)
 Metaspace       used 51371K, committed 52480K, reserved 1114112K
  class space    used 5634K, committed 6144K, reserved 1048576K
}
Event: 26.602 GC heap after
{Heap after GC invocations=27 (full 2):
 PSYoungGen      total 20480K, used 1624K [0x00000000d5580000, 0x00000000d6c80000, 0x0000000100000000)
  eden space 18432K, 0% used [0x00000000d5580000,0x00000000d5580000,0x00000000d6780000)
  from space 2048K, 79% used [0x00000000d6780000,0x00000000d6916200,0x00000000d6980000)
  to   space 2560K, 0% used [0x00000000d6a00000,0x00000000d6a00000,0x00000000d6c80000)
 ParOldGen       total 68608K, used 36875K [0x0000000080000000, 0x0000000084300000, 0x00000000d5580000)
  object space 68608K, 53% used [0x0000000080000000,0x0000000082402f90,0x0000000084300000)
 Metaspace       used 51371K, committed 52480K, reserved 1114112K
  class space    used 5634K, committed 6144K, reserved 1048576K
}
Event: 30.181 GC heap before
{Heap before GC invocations=28 (full 2):
 PSYoungGen      total 20480K, used 19464K [0x00000000d5580000, 0x00000000d6c80000, 0x0000000100000000)
  eden space 18432K, 96% used [0x00000000d5580000,0x00000000d66ec030,0x00000000d6780000)
  from space 2048K, 79% used [0x00000000d6780000,0x00000000d6916200,0x00000000d6980000)
  to   space 2560K, 0% used [0x00000000d6a00000,0x00000000d6a00000,0x00000000d6c80000)
 ParOldGen       total 68608K, used 36875K [0x0000000080000000, 0x0000000084300000, 0x00000000d5580000)
  object space 68608K, 53% used [0x0000000080000000,0x0000000082402f90,0x0000000084300000)
 Metaspace       used 51584K, committed 52736K, reserved 1114112K
  class space    used 5654K, committed 6144K, reserved 1048576K
}
Event: 30.190 GC heap after
{Heap after GC invocations=28 (full 2):
 PSYoungGen      total 19968K, used 1410K [0x00000000d5580000, 0x00000000d6b80000, 0x0000000100000000)
  eden space 18432K, 0% used [0x00000000d5580000,0x00000000d5580000,0x00000000d6780000)
  from space 1536K, 91% used [0x00000000d6a00000,0x00000000d6b60a80,0x00000000d6b80000)
  to   space 2048K, 0% used [0x00000000d6780000,0x00000000d6780000,0x00000000d6980000)
 ParOldGen       total 68608K, used 38420K [0x0000000080000000, 0x0000000084300000, 0x00000000d5580000)
  object space 68608K, 55% used [0x0000000080000000,0x0000000082585190,0x0000000084300000)
 Metaspace       used 51584K, committed 52736K, reserved 1114112K
  class space    used 5654K, committed 6144K, reserved 1048576K
}
Event: 33.040 GC heap before
{Heap before GC invocations=29 (full 2):
 PSYoungGen      total 19968K, used 19842K [0x00000000d5580000, 0x00000000d6b80000, 0x0000000100000000)
  eden space 18432K, 99% used [0x00000000d5580000,0x00000000d677fff0,0x00000000d6780000)
  from space 1536K, 91% used [0x00000000d6a00000,0x00000000d6b60a80,0x00000000d6b80000)
  to   space 2048K, 0% used [0x00000000d6780000,0x00000000d6780000,0x00000000d6980000)
 ParOldGen       total 68608K, used 38420K [0x0000000080000000, 0x0000000084300000, 0x00000000d5580000)
  object space 68608K, 55% used [0x0000000080000000,0x0000000082585190,0x0000000084300000)
 Metaspace       used 53517K, committed 54720K, reserved 1114112K
  class space    used 5853K, committed 6400K, reserved 1048576K
}
Event: 33.045 GC heap after
{Heap after GC invocations=29 (full 2):
 PSYoungGen      total 20480K, used 2043K [0x00000000d5580000, 0x00000000d6f80000, 0x0000000100000000)
  eden space 18432K, 0% used [0x00000000d5580000,0x00000000d5580000,0x00000000d6780000)
  from space 2048K, 99% used [0x00000000d6780000,0x00000000d697ecb0,0x00000000d6980000)
  to   space 4096K, 0% used [0x00000000d6b80000,0x00000000d6b80000,0x00000000d6f80000)
 ParOldGen       total 68608K, used 39837K [0x0000000080000000, 0x0000000084300000, 0x00000000d5580000)
  object space 68608K, 58% used [0x0000000080000000,0x00000000826e7768,0x0000000084300000)
 Metaspace       used 53517K, committed 54720K, reserved 1114112K
  class space    used 5853K, committed 6400K, reserved 1048576K
}

