# JRE version: Java(TM) SE Runtime Environment (21.0.6+8) (build 21.0.6+8-LTS-188)
# Java VM: Java HotSpot(TM) 64-Bit Server VM (21.0.6+8-LTS-188, mixed mode, sharing, tiered, compressed oops, compressed class ptrs, g1 gc, windows-amd64)
GC Precious Log:
 CardTable entry size: 512
 Card Set container configuration: InlinePtr #cards 4 size 8 Array Of Cards #cards 16 size 48 Howl #buckets 8 coarsen threshold 3686 Howl Bitmap #cards 512 size 80 coarsen threshold 460 Card regions per heap region 1 cards per card region 4096
 CPUs: 4 total, 4 available
 Memory: 8076M
 Large Page Support: Disabled
 NUMA Support: Disabled
 Compressed Oops: Enabled (Zero based)
 Heap Region Size: 2M
 Heap Min Capacity: 8M
 Heap Initial Capacity: 128M
 Heap Max Capacity: 4G
 Pre-touch: Disabled
 Parallel Workers: 4
 Concurrent Workers: 1
 Concurrent Refinement Workers: 4
 Periodic GC: Disabled
Heap:
 garbage-first heap   total 294912K, used 241406K [0x0000000700000000, 0x0000000800000000)
  region size 2048K, 44 young (90112K), 4 survivors (8192K)
 Metaspace       used 95765K, committed 98304K, reserved 1179648K
  class space    used 13429K, committed 14656K, reserved 1048576K
GC Heap History (20 events):
Event: 49.433 GC heap before
{Heap before GC invocations=36 (full 0):
 garbage-first heap   total 194560K, used 165989K [0x0000000700000000, 0x0000000800000000)
  region size 2048K, 36 young (73728K), 6 survivors (12288K)
 Metaspace       used 81274K, committed 83584K, reserved 1179648K
  class space    used 11262K, committed 12416K, reserved 1048576K
}
Event: 49.451 GC heap after
{Heap after GC invocations=37 (full 0):
 garbage-first heap   total 194560K, used 110554K [0x0000000700000000, 0x0000000800000000)
  region size 2048K, 3 young (6144K), 3 survivors (6144K)
 Metaspace       used 81274K, committed 83584K, reserved 1179648K
  class space    used 11262K, committed 12416K, reserved 1048576K
}
Event: 50.515 GC heap before
{Heap before GC invocations=38 (full 0):
 garbage-first heap   total 202752K, used 174042K [0x0000000700000000, 0x0000000800000000)
  region size 2048K, 34 young (69632K), 3 survivors (6144K)
 Metaspace       used 81276K, committed 83584K, reserved 1179648K
  class space    used 11262K, committed 12416K, reserved 1048576K
}
Event: 50.528 GC heap after
{Heap after GC invocations=39 (full 0):
 garbage-first heap   total 202752K, used 112690K [0x0000000700000000, 0x0000000800000000)
  region size 2048K, 4 young (8192K), 4 survivors (8192K)
 Metaspace       used 81276K, committed 83584K, reserved 1179648K
  class space    used 11262K, committed 12416K, reserved 1048576K
}
Event: 52.578 GC heap before
{Heap before GC invocations=39 (full 0):
 garbage-first heap   total 202752K, used 184370K [0x0000000700000000, 0x0000000800000000)
  region size 2048K, 37 young (75776K), 4 survivors (8192K)
 Metaspace       used 83608K, committed 85888K, reserved 1179648K
  class space    used 11562K, committed 12736K, reserved 1048576K
}
Event: 52.599 GC heap after
{Heap after GC invocations=40 (full 0):
 garbage-first heap   total 206848K, used 126164K [0x0000000700000000, 0x0000000800000000)
  region size 2048K, 5 young (10240K), 5 survivors (10240K)
 Metaspace       used 83608K, committed 85888K, reserved 1179648K
  class space    used 11562K, committed 12736K, reserved 1048576K
}
Event: 54.178 GC heap before
{Heap before GC invocations=40 (full 0):
 garbage-first heap   total 206848K, used 181460K [0x0000000700000000, 0x0000000800000000)
  region size 2048K, 33 young (67584K), 5 survivors (10240K)
 Metaspace       used 86311K, committed 88640K, reserved 1179648K
  class space    used 11942K, committed 13120K, reserved 1048576K
}
Event: 54.194 GC heap after
{Heap after GC invocations=41 (full 0):
 garbage-first heap   total 206848K, used 130844K [0x0000000700000000, 0x0000000800000000)
  region size 2048K, 3 young (6144K), 3 survivors (6144K)
 Metaspace       used 86311K, committed 88640K, reserved 1179648K
  class space    used 11942K, committed 13120K, reserved 1048576K
}
Event: 55.688 GC heap before
{Heap before GC invocations=42 (full 0):
 garbage-first heap   total 235520K, used 184092K [0x0000000700000000, 0x0000000800000000)
  region size 2048K, 29 young (59392K), 3 survivors (6144K)
 Metaspace       used 89854K, committed 92224K, reserved 1179648K
  class space    used 12604K, committed 13760K, reserved 1048576K
}
Event: 55.702 GC heap after
{Heap after GC invocations=43 (full 0):
 garbage-first heap   total 235520K, used 131594K [0x0000000700000000, 0x0000000800000000)
  region size 2048K, 1 young (2048K), 1 survivors (2048K)
 Metaspace       used 89854K, committed 92224K, reserved 1179648K
  class space    used 12604K, committed 13760K, reserved 1048576K
}
Event: 57.165 GC heap before
{Heap before GC invocations=43 (full 0):
 garbage-first heap   total 235520K, used 213514K [0x0000000700000000, 0x0000000800000000)
  region size 2048K, 41 young (83968K), 1 survivors (2048K)
 Metaspace       used 92777K, committed 95168K, reserved 1179648K
  class space    used 13005K, committed 14208K, reserved 1048576K
}
Event: 57.182 GC heap after
{Heap after GC invocations=44 (full 0):
 garbage-first heap   total 235520K, used 137768K [0x0000000700000000, 0x0000000800000000)
  region size 2048K, 5 young (10240K), 5 survivors (10240K)
 Metaspace       used 92777K, committed 95168K, reserved 1179648K
  class space    used 13005K, committed 14208K, reserved 1048576K
}
Event: 58.425 GC heap before
{Heap before GC invocations=44 (full 0):
 garbage-first heap   total 235520K, used 207400K [0x0000000700000000, 0x0000000800000000)
  region size 2048K, 40 young (81920K), 5 survivors (10240K)
 Metaspace       used 93729K, committed 96128K, reserved 1179648K
  class space    used 13122K, committed 14336K, reserved 1048576K
}
Event: 58.450 GC heap after
{Heap after GC invocations=45 (full 0):
 garbage-first heap   total 282624K, used 144721K [0x0000000700000000, 0x0000000800000000)
  region size 2048K, 4 young (8192K), 4 survivors (8192K)
 Metaspace       used 93729K, committed 96128K, reserved 1179648K
  class space    used 13122K, committed 14336K, reserved 1048576K
}
Event: 61.540 GC heap before
{Heap before GC invocations=46 (full 0):
 garbage-first heap   total 282624K, used 251217K [0x0000000700000000, 0x0000000800000000)
  region size 2048K, 57 young (116736K), 4 survivors (8192K)
 Metaspace       used 95064K, committed 97536K, reserved 1179648K
  class space    used 13354K, committed 14592K, reserved 1048576K
}
Event: 61.567 GC heap after
{Heap after GC invocations=47 (full 0):
 garbage-first heap   total 282624K, used 157696K [0x0000000700000000, 0x0000000800000000)
  region size 2048K, 8 young (16384K), 8 survivors (16384K)
 Metaspace       used 95064K, committed 97536K, reserved 1179648K
  class space    used 13354K, committed 14592K, reserved 1048576K
}
Event: 62.663 GC heap before
{Heap before GC invocations=47 (full 0):
 garbage-first heap   total 282624K, used 247808K [0x0000000700000000, 0x0000000800000000)
  region size 2048K, 53 young (108544K), 8 survivors (16384K)
 Metaspace       used 95128K, committed 97600K, reserved 1179648K
  class space    used 13356K, committed 14592K, reserved 1048576K
}
Event: 62.699 GC heap after
{Heap after GC invocations=48 (full 0):
 garbage-first heap   total 282624K, used 159486K [0x0000000700000000, 0x0000000800000000)
  region size 2048K, 3 young (6144K), 3 survivors (6144K)
 Metaspace       used 95128K, committed 97600K, reserved 1179648K
  class space    used 13356K, committed 14592K, reserved 1048576K
}
Event: 63.134 GC heap before
{Heap before GC invocations=48 (full 0):
 garbage-first heap   total 282624K, used 186110K [0x0000000700000000, 0x0000000800000000)
  region size 2048K, 17 young (34816K), 3 survivors (6144K)
 Metaspace       used 95256K, committed 97728K, reserved 1179648K
  class space    used 13373K, committed 14592K, reserved 1048576K
}
Event: 63.143 GC heap after
{Heap after GC invocations=49 (full 0):
 garbage-first heap   total 282624K, used 161534K [0x0000000700000000, 0x0000000800000000)
  region size 2048K, 4 young (8192K), 4 survivors (8192K)
 Metaspace       used 95256K, committed 97728K, reserved 1179648K
  class space    used 13373K, committed 14592K, reserved 1048576K
}

