# JRE version: Java(TM) SE Runtime Environment (21.0.6+8) (build 21.0.6+8-LTS-188)
# Java VM: Java HotSpot(TM) 64-Bit Server VM (21.0.6+8-LTS-188, mixed mode, sharing, tiered, compressed oops, compressed class ptrs, g1 gc, windows-amd64)
GC Precious Log:
 CardTable entry size: 512
 Card Set container configuration: InlinePtr #cards 4 size 8 Array Of Cards #cards 16 size 48 Howl #buckets 8 coarsen threshold 3686 Howl Bitmap #cards 512 size 80 coarsen threshold 460 Card regions per heap region 1 cards per card region 4096
 CPUs: 4 total, 4 available
 Memory: 8076M
 Large Page Support: Disabled
 NUMA Support: Disabled
 Compressed Oops: Enabled (Zero based)
 Heap Region Size: 2M
 Heap Min Capacity: 8M
 Heap Initial Capacity: 128M
 Heap Max Capacity: 4G
 Pre-touch: Disabled
 Parallel Workers: 4
 Concurrent Workers: 1
 Concurrent Refinement Workers: 4
 Periodic GC: Disabled
Heap:
 garbage-first heap   total 167936K, used 107097K [0x0000000700000000, 0x0000000800000000)
  region size 2048K, 10 young (20480K), 2 survivors (4096K)
 Metaspace       used 79245K, committed 81472K, reserved 1179648K
  class space    used 11028K, committed 12160K, reserved 1048576K
GC Heap History (20 events):
Event: 32.913 GC heap before
{Heap before GC invocations=20 (full 0):
 garbage-first heap   total 92160K, used 80385K [0x0000000700000000, 0x0000000800000000)
  region size 2048K, 17 young (34816K), 2 survivors (4096K)
 Metaspace       used 63166K, committed 65216K, reserved 1114112K
  class space    used 9045K, committed 10112K, reserved 1048576K
}
Event: 32.925 GC heap after
{Heap after GC invocations=21 (full 0):
 garbage-first heap   total 92160K, used 51334K [0x0000000700000000, 0x0000000800000000)
  region size 2048K, 3 young (6144K), 3 survivors (6144K)
 Metaspace       used 63166K, committed 65216K, reserved 1114112K
  class space    used 9045K, committed 10112K, reserved 1048576K
}
Event: 35.094 GC heap before
{Heap before GC invocations=21 (full 0):
 garbage-first heap   total 92160K, used 75910K [0x0000000700000000, 0x0000000800000000)
  region size 2048K, 16 young (32768K), 3 survivors (6144K)
 Metaspace       used 65239K, committed 67328K, reserved 1114112K
  class space    used 9359K, committed 10432K, reserved 1048576K
}
Event: 35.108 GC heap after
{Heap after GC invocations=22 (full 0):
 garbage-first heap   total 92160K, used 55562K [0x0000000700000000, 0x0000000800000000)
  region size 2048K, 2 young (4096K), 2 survivors (4096K)
 Metaspace       used 65239K, committed 67328K, reserved 1114112K
  class space    used 9359K, committed 10432K, reserved 1048576K
}
Event: 36.324 GC heap before
{Heap before GC invocations=23 (full 0):
 garbage-first heap   total 102400K, used 78090K [0x0000000700000000, 0x0000000800000000)
  region size 2048K, 14 young (28672K), 2 survivors (4096K)
 Metaspace       used 65777K, committed 67904K, reserved 1114112K
  class space    used 9421K, committed 10496K, reserved 1048576K
}
Event: 36.336 GC heap after
{Heap after GC invocations=24 (full 0):
 garbage-first heap   total 102400K, used 58021K [0x0000000700000000, 0x0000000800000000)
  region size 2048K, 2 young (4096K), 2 survivors (4096K)
 Metaspace       used 65777K, committed 67904K, reserved 1114112K
  class space    used 9421K, committed 10496K, reserved 1048576K
}
Event: 37.547 GC heap before
{Heap before GC invocations=24 (full 0):
 garbage-first heap   total 102400K, used 88741K [0x0000000700000000, 0x0000000800000000)
  region size 2048K, 18 young (36864K), 2 survivors (4096K)
 Metaspace       used 66176K, committed 68224K, reserved 1114112K
  class space    used 9439K, committed 10496K, reserved 1048576K
}
Event: 37.563 GC heap after
{Heap after GC invocations=25 (full 0):
 garbage-first heap   total 102400K, used 59170K [0x0000000700000000, 0x0000000800000000)
  region size 2048K, 2 young (4096K), 2 survivors (4096K)
 Metaspace       used 66176K, committed 68224K, reserved 1114112K
  class space    used 9439K, committed 10496K, reserved 1048576K
}
Event: 38.099 GC heap before
{Heap before GC invocations=25 (full 0):
 garbage-first heap   total 102400K, used 89890K [0x0000000700000000, 0x0000000800000000)
  region size 2048K, 18 young (36864K), 2 survivors (4096K)
 Metaspace       used 66213K, committed 68288K, reserved 1114112K
  class space    used 9440K, committed 10496K, reserved 1048576K
}
Event: 38.106 GC heap after
{Heap after GC invocations=26 (full 0):
 garbage-first heap   total 102400K, used 60568K [0x0000000700000000, 0x0000000800000000)
  region size 2048K, 2 young (4096K), 2 survivors (4096K)
 Metaspace       used 66213K, committed 68288K, reserved 1114112K
  class space    used 9440K, committed 10496K, reserved 1048576K
}
Event: 38.835 GC heap before
{Heap before GC invocations=27 (full 0):
 garbage-first heap   total 120832K, used 87192K [0x0000000700000000, 0x0000000800000000)
  region size 2048K, 15 young (30720K), 2 survivors (4096K)
 Metaspace       used 66233K, committed 68288K, reserved 1114112K
  class space    used 9440K, committed 10496K, reserved 1048576K
}
Event: 38.843 GC heap after
{Heap after GC invocations=28 (full 0):
 garbage-first heap   total 120832K, used 61324K [0x0000000700000000, 0x0000000800000000)
  region size 2048K, 2 young (4096K), 2 survivors (4096K)
 Metaspace       used 66233K, committed 68288K, reserved 1114112K
  class space    used 9440K, committed 10496K, reserved 1048576K
}
Event: 40.695 GC heap before
{Heap before GC invocations=28 (full 0):
 garbage-first heap   total 120832K, used 110476K [0x0000000700000000, 0x0000000800000000)
  region size 2048K, 24 young (49152K), 2 survivors (4096K)
 Metaspace       used 66716K, committed 68800K, reserved 1114112K
  class space    used 9507K, committed 10560K, reserved 1048576K
}
Event: 40.709 GC heap after
{Heap after GC invocations=29 (full 0):
 garbage-first heap   total 157696K, used 78127K [0x0000000700000000, 0x0000000800000000)
  region size 2048K, 3 young (6144K), 3 survivors (6144K)
 Metaspace       used 66716K, committed 68800K, reserved 1114112K
  class space    used 9507K, committed 10560K, reserved 1048576K
}
Event: 42.335 GC heap before
{Heap before GC invocations=29 (full 0):
 garbage-first heap   total 157696K, used 135471K [0x0000000700000000, 0x0000000800000000)
  region size 2048K, 31 young (63488K), 3 survivors (6144K)
 Metaspace       used 71072K, committed 73216K, reserved 1114112K
  class space    used 10004K, committed 11072K, reserved 1048576K
}
Event: 42.349 GC heap after
{Heap after GC invocations=30 (full 0):
 garbage-first heap   total 157696K, used 85243K [0x0000000700000000, 0x0000000800000000)
  region size 2048K, 3 young (6144K), 3 survivors (6144K)
 Metaspace       used 71072K, committed 73216K, reserved 1114112K
  class space    used 10004K, committed 11072K, reserved 1048576K
}
Event: 43.317 GC heap before
{Heap before GC invocations=30 (full 0):
 garbage-first heap   total 157696K, used 134395K [0x0000000700000000, 0x0000000800000000)
  region size 2048K, 28 young (57344K), 3 survivors (6144K)
 Metaspace       used 73548K, committed 75712K, reserved 1114112K
  class space    used 10332K, committed 11392K, reserved 1048576K
}
Event: 43.330 GC heap after
{Heap after GC invocations=31 (full 0):
 garbage-first heap   total 157696K, used 89664K [0x0000000700000000, 0x0000000800000000)
  region size 2048K, 3 young (6144K), 3 survivors (6144K)
 Metaspace       used 73548K, committed 75712K, reserved 1114112K
  class space    used 10332K, committed 11392K, reserved 1048576K
}
Event: 44.750 GC heap before
{Heap before GC invocations=31 (full 0):
 garbage-first heap   total 157696K, used 138816K [0x0000000700000000, 0x0000000800000000)
  region size 2048K, 27 young (55296K), 3 survivors (6144K)
 Metaspace       used 78288K, committed 80512K, reserved 1179648K
  class space    used 10894K, committed 12032K, reserved 1048576K
}
Event: 44.761 GC heap after
{Heap after GC invocations=32 (full 0):
 garbage-first heap   total 157696K, used 92761K [0x0000000700000000, 0x0000000800000000)
  region size 2048K, 2 young (4096K), 2 survivors (4096K)
 Metaspace       used 78288K, committed 80512K, reserved 1179648K
  class space    used 10894K, committed 12032K, reserved 1048576K
}

