# JRE version: Java(TM) SE Runtime Environment (21.0.6+8) (build 21.0.6+8-LTS-188)
# Java VM: Java HotSpot(TM) 64-Bit Server VM (21.0.6+8-LTS-188, mixed mode, sharing, tiered, compressed oops, compressed class ptrs, g1 gc, windows-amd64)
GC Precious Log:
 CardTable entry size: 512
 Card Set container configuration: InlinePtr #cards 4 size 8 Array Of Cards #cards 16 size 48 Howl #buckets 8 coarsen threshold 3686 Howl Bitmap #cards 512 size 80 coarsen threshold 460 Card regions per heap region 1 cards per card region 4096
 CPUs: 4 total, 4 available
 Memory: 8076M
 Large Page Support: Disabled
 NUMA Support: Disabled
 Compressed Oops: Enabled (Zero based)
 Heap Region Size: 2M
 Heap Min Capacity: 8M
 Heap Initial Capacity: 128M
 Heap Max Capacity: 4G
 Pre-touch: Disabled
 Parallel Workers: 4
 Concurrent Workers: 1
 Concurrent Refinement Workers: 4
 Periodic GC: Disabled
Heap:
 garbage-first heap   total 194560K, used 147628K [0x0000000700000000, 0x0000000800000000)
  region size 2048K, 24 young (49152K), 1 survivors (2048K)
 Metaspace       used 81443K, committed 83456K, reserved 1179648K
  class space    used 10850K, committed 11840K, reserved 1048576K
GC Heap History (20 events):
Event: 125.250 GC heap before
{Heap before GC invocations=41 (full 0):
 garbage-first heap   total 174080K, used 160182K [0x0000000700000000, 0x0000000800000000)
  region size 2048K, 31 young (63488K), 1 survivors (2048K)
 Metaspace       used 81420K, committed 83456K, reserved 1179648K
  class space    used 10850K, committed 11840K, reserved 1048576K
}
Event: 125.261 GC heap after
{Heap after GC invocations=42 (full 0):
 garbage-first heap   total 174080K, used 98469K [0x0000000700000000, 0x0000000800000000)
  region size 2048K, 1 young (2048K), 1 survivors (2048K)
 Metaspace       used 81420K, committed 83456K, reserved 1179648K
  class space    used 10850K, committed 11840K, reserved 1048576K
}
Event: 127.003 GC heap before
{Heap before GC invocations=42 (full 0):
 garbage-first heap   total 174080K, used 159909K [0x0000000700000000, 0x0000000800000000)
  region size 2048K, 31 young (63488K), 1 survivors (2048K)
 Metaspace       used 81421K, committed 83456K, reserved 1179648K
  class space    used 10850K, committed 11840K, reserved 1048576K
}
Event: 127.007 GC heap after
{Heap after GC invocations=43 (full 0):
 garbage-first heap   total 174080K, used 98148K [0x0000000700000000, 0x0000000800000000)
  region size 2048K, 1 young (2048K), 1 survivors (2048K)
 Metaspace       used 81421K, committed 83456K, reserved 1179648K
  class space    used 10850K, committed 11840K, reserved 1048576K
}
Event: 127.742 GC heap before
{Heap before GC invocations=44 (full 0):
 garbage-first heap   total 194560K, used 157540K [0x0000000700000000, 0x0000000800000000)
  region size 2048K, 30 young (61440K), 1 survivors (2048K)
 Metaspace       used 81422K, committed 83456K, reserved 1179648K
  class space    used 10850K, committed 11840K, reserved 1048576K
}
Event: 127.745 GC heap after
{Heap after GC invocations=45 (full 0):
 garbage-first heap   total 194560K, used 98326K [0x0000000700000000, 0x0000000800000000)
  region size 2048K, 1 young (2048K), 1 survivors (2048K)
 Metaspace       used 81422K, committed 83456K, reserved 1179648K
  class space    used 10850K, committed 11840K, reserved 1048576K
}
Event: 128.283 GC heap before
{Heap before GC invocations=45 (full 0):
 garbage-first heap   total 194560K, used 178198K [0x0000000700000000, 0x0000000800000000)
  region size 2048K, 40 young (81920K), 1 survivors (2048K)
 Metaspace       used 81424K, committed 83456K, reserved 1179648K
  class space    used 10850K, committed 11840K, reserved 1048576K
}
Event: 128.292 GC heap after
{Heap after GC invocations=46 (full 0):
 garbage-first heap   total 194560K, used 98691K [0x0000000700000000, 0x0000000800000000)
  region size 2048K, 1 young (2048K), 1 survivors (2048K)
 Metaspace       used 81424K, committed 83456K, reserved 1179648K
  class space    used 10850K, committed 11840K, reserved 1048576K
}
Event: 128.971 GC heap before
{Heap before GC invocations=46 (full 0):
 garbage-first heap   total 194560K, used 178563K [0x0000000700000000, 0x0000000800000000)
  region size 2048K, 40 young (81920K), 1 survivors (2048K)
 Metaspace       used 81424K, committed 83456K, reserved 1179648K
  class space    used 10850K, committed 11840K, reserved 1048576K
}
Event: 128.975 GC heap after
{Heap after GC invocations=47 (full 0):
 garbage-first heap   total 194560K, used 98155K [0x0000000700000000, 0x0000000800000000)
  region size 2048K, 1 young (2048K), 1 survivors (2048K)
 Metaspace       used 81424K, committed 83456K, reserved 1179648K
  class space    used 10850K, committed 11840K, reserved 1048576K
}
Event: 129.497 GC heap before
{Heap before GC invocations=48 (full 0):
 garbage-first heap   total 194560K, used 178027K [0x0000000700000000, 0x0000000800000000)
  region size 2048K, 40 young (81920K), 1 survivors (2048K)
 Metaspace       used 81424K, committed 83456K, reserved 1179648K
  class space    used 10850K, committed 11840K, reserved 1048576K
}
Event: 129.501 GC heap after
{Heap after GC invocations=49 (full 0):
 garbage-first heap   total 194560K, used 98173K [0x0000000700000000, 0x0000000800000000)
  region size 2048K, 1 young (2048K), 1 survivors (2048K)
 Metaspace       used 81424K, committed 83456K, reserved 1179648K
  class space    used 10850K, committed 11840K, reserved 1048576K
}
Event: 130.534 GC heap before
{Heap before GC invocations=49 (full 0):
 garbage-first heap   total 194560K, used 178045K [0x0000000700000000, 0x0000000800000000)
  region size 2048K, 40 young (81920K), 1 survivors (2048K)
 Metaspace       used 81432K, committed 83456K, reserved 1179648K
  class space    used 10850K, committed 11840K, reserved 1048576K
}
Event: 130.542 GC heap after
{Heap after GC invocations=50 (full 0):
 garbage-first heap   total 194560K, used 97787K [0x0000000700000000, 0x0000000800000000)
  region size 2048K, 1 young (2048K), 1 survivors (2048K)
 Metaspace       used 81432K, committed 83456K, reserved 1179648K
  class space    used 10850K, committed 11840K, reserved 1048576K
}
Event: 131.080 GC heap before
{Heap before GC invocations=50 (full 0):
 garbage-first heap   total 194560K, used 177659K [0x0000000700000000, 0x0000000800000000)
  region size 2048K, 40 young (81920K), 1 survivors (2048K)
 Metaspace       used 81442K, committed 83456K, reserved 1179648K
  class space    used 10850K, committed 11840K, reserved 1048576K
}
Event: 131.082 GC heap after
{Heap after GC invocations=51 (full 0):
 garbage-first heap   total 194560K, used 97866K [0x0000000700000000, 0x0000000800000000)
  region size 2048K, 1 young (2048K), 1 survivors (2048K)
 Metaspace       used 81442K, committed 83456K, reserved 1179648K
  class space    used 10850K, committed 11840K, reserved 1048576K
}
Event: 133.646 GC heap before
{Heap before GC invocations=52 (full 0):
 garbage-first heap   total 194560K, used 99914K [0x0000000700000000, 0x0000000800000000)
  region size 2048K, 3 young (6144K), 1 survivors (2048K)
 Metaspace       used 81442K, committed 83456K, reserved 1179648K
  class space    used 10850K, committed 11840K, reserved 1048576K
}
Event: 133.651 GC heap after
{Heap after GC invocations=53 (full 0):
 garbage-first heap   total 194560K, used 97762K [0x0000000700000000, 0x0000000800000000)
  region size 2048K, 1 young (2048K), 1 survivors (2048K)
 Metaspace       used 81442K, committed 83456K, reserved 1179648K
  class space    used 10850K, committed 11840K, reserved 1048576K
}
Event: 135.762 GC heap before
{Heap before GC invocations=54 (full 0):
 garbage-first heap   total 194560K, used 181730K [0x0000000700000000, 0x0000000800000000)
  region size 2048K, 40 young (81920K), 1 survivors (2048K)
 Metaspace       used 81442K, committed 83456K, reserved 1179648K
  class space    used 10850K, committed 11840K, reserved 1048576K
}
Event: 135.766 GC heap after
{Heap after GC invocations=55 (full 0):
 garbage-first heap   total 194560K, used 102572K [0x0000000700000000, 0x0000000800000000)
  region size 2048K, 1 young (2048K), 1 survivors (2048K)
 Metaspace       used 81442K, committed 83456K, reserved 1179648K
  class space    used 10850K, committed 11840K, reserved 1048576K
}

