# JRE version: Java(TM) SE Runtime Environment (21.0.6+8) (build 21.0.6+8-LTS-188)
# Java VM: Java HotSpot(TM) 64-Bit Server VM (21.0.6+8-LTS-188, mixed mode, sharing, tiered, compressed oops, compressed class ptrs, g1 gc, windows-amd64)
GC Precious Log:
 CardTable entry size: 512
 Card Set container configuration: InlinePtr #cards 4 size 8 Array Of Cards #cards 16 size 48 Howl #buckets 8 coarsen threshold 3686 Howl Bitmap #cards 512 size 80 coarsen threshold 460 Card regions per heap region 1 cards per card region 4096
 CPUs: 4 total, 4 available
 Memory: 8076M
 Large Page Support: Disabled
 NUMA Support: Disabled
 Compressed Oops: Enabled (Zero based)
 Heap Region Size: 2M
 Heap Min Capacity: 8M
 Heap Initial Capacity: 128M
 Heap Max Capacity: 4G
 Pre-touch: Disabled
 Parallel Workers: 4
 Concurrent Workers: 1
 Concurrent Refinement Workers: 4
 Periodic GC: Disabled
Heap:
 garbage-first heap   total 131072K, used 84095K [0x0000000700000000, 0x0000000800000000)
  region size 2048K, 3 young (6144K), 2 survivors (4096K)
 Metaspace       used 71478K, committed 73472K, reserved 1114112K
  class space    used 9761K, committed 10816K, reserved 1048576K
GC Heap History (20 events):
Event: 42.803 GC heap before
{Heap before GC invocations=14 (full 0):
 garbage-first heap   total 90112K, used 60619K [0x0000000700000000, 0x0000000800000000)
  region size 2048K, 12 young (24576K), 3 survivors (6144K)
 Metaspace       used 50999K, committed 52800K, reserved 1114112K
  class space    used 7068K, committed 7936K, reserved 1048576K
}
Event: 42.815 GC heap after
{Heap after GC invocations=15 (full 0):
 garbage-first heap   total 90112K, used 47414K [0x0000000700000000, 0x0000000800000000)
  region size 2048K, 2 young (4096K), 2 survivors (4096K)
 Metaspace       used 50999K, committed 52800K, reserved 1114112K
  class space    used 7068K, committed 7936K, reserved 1048576K
}
Event: 44.267 GC heap before
{Heap before GC invocations=16 (full 0):
 garbage-first heap   total 90112K, used 82230K [0x0000000700000000, 0x0000000800000000)
  region size 2048K, 17 young (34816K), 2 survivors (4096K)
 Metaspace       used 52900K, committed 54720K, reserved 1114112K
  class space    used 7325K, committed 8256K, reserved 1048576K
}
Event: 44.274 GC heap after
{Heap after GC invocations=17 (full 0):
 garbage-first heap   total 96256K, used 61440K [0x0000000700000000, 0x0000000800000000)
  region size 2048K, 3 young (6144K), 3 survivors (6144K)
 Metaspace       used 52900K, committed 54720K, reserved 1114112K
  class space    used 7325K, committed 8256K, reserved 1048576K
}
Event: 45.307 GC heap before
{Heap before GC invocations=17 (full 0):
 garbage-first heap   total 96256K, used 83968K [0x0000000700000000, 0x0000000800000000)
  region size 2048K, 14 young (28672K), 3 survivors (6144K)
 Metaspace       used 55217K, committed 57088K, reserved 1114112K
  class space    used 7588K, committed 8512K, reserved 1048576K
}
Event: 45.314 GC heap after
{Heap after GC invocations=18 (full 0):
 garbage-first heap   total 96256K, used 61738K [0x0000000700000000, 0x0000000800000000)
  region size 2048K, 1 young (2048K), 1 survivors (2048K)
 Metaspace       used 55217K, committed 57088K, reserved 1114112K
  class space    used 7588K, committed 8512K, reserved 1048576K
}
Event: 46.248 GC heap before
{Heap before GC invocations=18 (full 0):
 garbage-first heap   total 96256K, used 84266K [0x0000000700000000, 0x0000000800000000)
  region size 2048K, 12 young (24576K), 1 survivors (2048K)
 Metaspace       used 57608K, committed 59392K, reserved 1114112K
  class space    used 7927K, committed 8832K, reserved 1048576K
}
Event: 46.254 GC heap after
{Heap after GC invocations=19 (full 0):
 garbage-first heap   total 96256K, used 62405K [0x0000000700000000, 0x0000000800000000)
  region size 2048K, 1 young (2048K), 1 survivors (2048K)
 Metaspace       used 57608K, committed 59392K, reserved 1114112K
  class space    used 7927K, committed 8832K, reserved 1048576K
}
Event: 46.791 GC heap before
{Heap before GC invocations=20 (full 0):
 garbage-first heap   total 112640K, used 82885K [0x0000000700000000, 0x0000000800000000)
  region size 2048K, 12 young (24576K), 1 survivors (2048K)
 Metaspace       used 58715K, committed 60608K, reserved 1114112K
  class space    used 8112K, committed 9088K, reserved 1048576K
}
Event: 46.796 GC heap after
{Heap after GC invocations=21 (full 0):
 garbage-first heap   total 112640K, used 68199K [0x0000000700000000, 0x0000000800000000)
  region size 2048K, 2 young (4096K), 2 survivors (4096K)
 Metaspace       used 58715K, committed 60608K, reserved 1114112K
  class space    used 8112K, committed 9088K, reserved 1048576K
}
Event: 47.565 GC heap before
{Heap before GC invocations=21 (full 0):
 garbage-first heap   total 112640K, used 94823K [0x0000000700000000, 0x0000000800000000)
  region size 2048K, 16 young (32768K), 2 survivors (4096K)
 Metaspace       used 60078K, committed 62016K, reserved 1114112K
  class space    used 8285K, committed 9280K, reserved 1048576K
}
Event: 47.573 GC heap after
{Heap after GC invocations=22 (full 0):
 garbage-first heap   total 112640K, used 71680K [0x0000000700000000, 0x0000000800000000)
  region size 2048K, 2 young (4096K), 2 survivors (4096K)
 Metaspace       used 60078K, committed 62016K, reserved 1114112K
  class space    used 8285K, committed 9280K, reserved 1048576K
}
Event: 48.565 GC heap before
{Heap before GC invocations=22 (full 0):
 garbage-first heap   total 112640K, used 98304K [0x0000000700000000, 0x0000000800000000)
  region size 2048K, 15 young (30720K), 2 survivors (4096K)
 Metaspace       used 61994K, committed 64000K, reserved 1114112K
  class space    used 8538K, committed 9536K, reserved 1048576K
}
Event: 48.570 GC heap after
{Heap after GC invocations=23 (full 0):
 garbage-first heap   total 112640K, used 73246K [0x0000000700000000, 0x0000000800000000)
  region size 2048K, 1 young (2048K), 1 survivors (2048K)
 Metaspace       used 61994K, committed 64000K, reserved 1114112K
  class space    used 8538K, committed 9536K, reserved 1048576K
}
Event: 51.387 GC heap before
{Heap before GC invocations=24 (full 0):
 garbage-first heap   total 131072K, used 106014K [0x0000000700000000, 0x0000000800000000)
  region size 2048K, 14 young (28672K), 1 survivors (2048K)
 Metaspace       used 65134K, committed 67072K, reserved 1114112K
  class space    used 8912K, committed 9920K, reserved 1048576K
}
Event: 51.394 GC heap after
{Heap after GC invocations=25 (full 0):
 garbage-first heap   total 131072K, used 81523K [0x0000000700000000, 0x0000000800000000)
  region size 2048K, 2 young (4096K), 2 survivors (4096K)
 Metaspace       used 65134K, committed 67072K, reserved 1114112K
  class space    used 8912K, committed 9920K, reserved 1048576K
}
Event: 52.933 GC heap before
{Heap before GC invocations=25 (full 0):
 garbage-first heap   total 131072K, used 114291K [0x0000000700000000, 0x0000000800000000)
  region size 2048K, 19 young (38912K), 2 survivors (4096K)
 Metaspace       used 68967K, committed 70976K, reserved 1114112K
  class space    used 9430K, committed 10432K, reserved 1048576K
}
Event: 52.945 GC heap after
{Heap after GC invocations=26 (full 0):
 garbage-first heap   total 131072K, used 82267K [0x0000000700000000, 0x0000000800000000)
  region size 2048K, 2 young (4096K), 2 survivors (4096K)
 Metaspace       used 68967K, committed 70976K, reserved 1114112K
  class space    used 9430K, committed 10432K, reserved 1048576K
}
Event: 54.954 GC heap before
{Heap before GC invocations=26 (full 0):
 garbage-first heap   total 131072K, used 117083K [0x0000000700000000, 0x0000000800000000)
  region size 2048K, 19 young (38912K), 2 survivors (4096K)
 Metaspace       used 71477K, committed 73472K, reserved 1114112K
  class space    used 9761K, committed 10816K, reserved 1048576K
}
Event: 54.965 GC heap after
{Heap after GC invocations=27 (full 0):
 garbage-first heap   total 131072K, used 84095K [0x0000000700000000, 0x0000000800000000)
  region size 2048K, 2 young (4096K), 2 survivors (4096K)
 Metaspace       used 71477K, committed 73472K, reserved 1114112K
  class space    used 9761K, committed 10816K, reserved 1048576K
}

