# JRE version: OpenJDK Runtime Environment Temurin-21.0.7+6 (21.0.7+6) (build 21.0.7+6-LTS)
# Java VM: OpenJDK 64-Bit Server VM Temurin-21.0.7+6 (21.0.7+6-LTS, mixed mode, sharing, tiered, compressed oops, compressed class ptrs, parallel gc, windows-amd64)
GC Precious Log:
 CardTable entry size: 512
 CPUs: 4 total, 4 available
 Memory: 8076M
 Large Page Support: Disabled
 NUMA Support: Disabled
 Compressed Oops: Enabled (32-bit)
 Alignments: Space 512K, Generation 512K, Heap 2M
 Heap Min Capacity: 100M
 Heap Initial Capacity: 100M
 Heap Max Capacity: 1G
 Pre-touch: Disabled
 Parallel Workers: 4
Heap:
 PSYoungGen      total 13824K, used 11805K [0x00000000eab00000, 0x00000000ebb80000, 0x0000000100000000)
  eden space 13312K, 85% used [0x00000000eab00000,0x00000000eb6175c8,0x00000000eb800000)
  from space 512K, 87% used [0x00000000eba80000,0x00000000ebaf0000,0x00000000ebb00000)
  to   space 512K, 0% used [0x00000000ebb00000,0x00000000ebb00000,0x00000000ebb80000)
 ParOldGen       total 68608K, used 46985K [0x00000000c0000000, 0x00000000c4300000, 0x00000000eab00000)
  object space 68608K, 68% used [0x00000000c0000000,0x00000000c2de27b8,0x00000000c4300000)
 Metaspace       used 70107K, committed 71552K, reserved 1114112K
  class space    used 8591K, committed 9280K, reserved 1048576K
GC Heap History (20 events):
Event: 232.079 GC heap before
{Heap before GC invocations=113 (full 3):
 PSYoungGen      total 13824K, used 13408K [0x00000000eab00000, 0x00000000ebb80000, 0x0000000100000000)
  eden space 13312K, 100% used [0x00000000eab00000,0x00000000eb800000,0x00000000eb800000)
  from space 512K, 18% used [0x00000000eba80000,0x00000000eba98000,0x00000000ebb00000)
  to   space 512K, 0% used [0x00000000ebb00000,0x00000000ebb00000,0x00000000ebb80000)
 ParOldGen       total 68608K, used 46905K [0x00000000c0000000, 0x00000000c4300000, 0x00000000eab00000)
  object space 68608K, 68% used [0x00000000c0000000,0x00000000c2dce7b8,0x00000000c4300000)
 Metaspace       used 68414K, committed 69824K, reserved 1114112K
  class space    used 8379K, committed 9024K, reserved 1048576K
}
Event: 232.081 GC heap after
{Heap after GC invocations=113 (full 3):
 PSYoungGen      total 13824K, used 64K [0x00000000eab00000, 0x00000000ebb80000, 0x0000000100000000)
  eden space 13312K, 0% used [0x00000000eab00000,0x00000000eab00000,0x00000000eb800000)
  from space 512K, 12% used [0x00000000ebb00000,0x00000000ebb10000,0x00000000ebb80000)
  to   space 512K, 0% used [0x00000000eba80000,0x00000000eba80000,0x00000000ebb00000)
 ParOldGen       total 68608K, used 46913K [0x00000000c0000000, 0x00000000c4300000, 0x00000000eab00000)
  object space 68608K, 68% used [0x00000000c0000000,0x00000000c2dd07b8,0x00000000c4300000)
 Metaspace       used 68414K, committed 69824K, reserved 1114112K
  class space    used 8379K, committed 9024K, reserved 1048576K
}
Event: 232.266 GC heap before
{Heap before GC invocations=114 (full 3):
 PSYoungGen      total 13824K, used 13376K [0x00000000eab00000, 0x00000000ebb80000, 0x0000000100000000)
  eden space 13312K, 100% used [0x00000000eab00000,0x00000000eb800000,0x00000000eb800000)
  from space 512K, 12% used [0x00000000ebb00000,0x00000000ebb10000,0x00000000ebb80000)
  to   space 512K, 0% used [0x00000000eba80000,0x00000000eba80000,0x00000000ebb00000)
 ParOldGen       total 68608K, used 46913K [0x00000000c0000000, 0x00000000c4300000, 0x00000000eab00000)
  object space 68608K, 68% used [0x00000000c0000000,0x00000000c2dd07b8,0x00000000c4300000)
 Metaspace       used 68415K, committed 69824K, reserved 1114112K
  class space    used 8379K, committed 9024K, reserved 1048576K
}
Event: 232.267 GC heap after
{Heap after GC invocations=114 (full 3):
 PSYoungGen      total 13824K, used 96K [0x00000000eab00000, 0x00000000ebb80000, 0x0000000100000000)
  eden space 13312K, 0% used [0x00000000eab00000,0x00000000eab00000,0x00000000eb800000)
  from space 512K, 18% used [0x00000000eba80000,0x00000000eba98000,0x00000000ebb00000)
  to   space 512K, 0% used [0x00000000ebb00000,0x00000000ebb00000,0x00000000ebb80000)
 ParOldGen       total 68608K, used 46913K [0x00000000c0000000, 0x00000000c4300000, 0x00000000eab00000)
  object space 68608K, 68% used [0x00000000c0000000,0x00000000c2dd07b8,0x00000000c4300000)
 Metaspace       used 68415K, committed 69824K, reserved 1114112K
  class space    used 8379K, committed 9024K, reserved 1048576K
}
Event: 232.424 GC heap before
{Heap before GC invocations=115 (full 3):
 PSYoungGen      total 13824K, used 13408K [0x00000000eab00000, 0x00000000ebb80000, 0x0000000100000000)
  eden space 13312K, 100% used [0x00000000eab00000,0x00000000eb800000,0x00000000eb800000)
  from space 512K, 18% used [0x00000000eba80000,0x00000000eba98000,0x00000000ebb00000)
  to   space 512K, 0% used [0x00000000ebb00000,0x00000000ebb00000,0x00000000ebb80000)
 ParOldGen       total 68608K, used 46913K [0x00000000c0000000, 0x00000000c4300000, 0x00000000eab00000)
  object space 68608K, 68% used [0x00000000c0000000,0x00000000c2dd07b8,0x00000000c4300000)
 Metaspace       used 68416K, committed 69824K, reserved 1114112K
  class space    used 8379K, committed 9024K, reserved 1048576K
}
Event: 232.424 GC heap after
{Heap after GC invocations=115 (full 3):
 PSYoungGen      total 13824K, used 128K [0x00000000eab00000, 0x00000000ebb80000, 0x0000000100000000)
  eden space 13312K, 0% used [0x00000000eab00000,0x00000000eab00000,0x00000000eb800000)
  from space 512K, 25% used [0x00000000ebb00000,0x00000000ebb20000,0x00000000ebb80000)
  to   space 512K, 0% used [0x00000000eba80000,0x00000000eba80000,0x00000000ebb00000)
 ParOldGen       total 68608K, used 46913K [0x00000000c0000000, 0x00000000c4300000, 0x00000000eab00000)
  object space 68608K, 68% used [0x00000000c0000000,0x00000000c2dd07b8,0x00000000c4300000)
 Metaspace       used 68416K, committed 69824K, reserved 1114112K
  class space    used 8379K, committed 9024K, reserved 1048576K
}
Event: 232.508 GC heap before
{Heap before GC invocations=116 (full 3):
 PSYoungGen      total 13824K, used 13440K [0x00000000eab00000, 0x00000000ebb80000, 0x0000000100000000)
  eden space 13312K, 100% used [0x00000000eab00000,0x00000000eb800000,0x00000000eb800000)
  from space 512K, 25% used [0x00000000ebb00000,0x00000000ebb20000,0x00000000ebb80000)
  to   space 512K, 0% used [0x00000000eba80000,0x00000000eba80000,0x00000000ebb00000)
 ParOldGen       total 68608K, used 46913K [0x00000000c0000000, 0x00000000c4300000, 0x00000000eab00000)
  object space 68608K, 68% used [0x00000000c0000000,0x00000000c2dd07b8,0x00000000c4300000)
 Metaspace       used 68418K, committed 69824K, reserved 1114112K
  class space    used 8379K, committed 9024K, reserved 1048576K
}
Event: 232.509 GC heap after
{Heap after GC invocations=116 (full 3):
 PSYoungGen      total 13824K, used 128K [0x00000000eab00000, 0x00000000ebb80000, 0x0000000100000000)
  eden space 13312K, 0% used [0x00000000eab00000,0x00000000eab00000,0x00000000eb800000)
  from space 512K, 25% used [0x00000000eba80000,0x00000000ebaa0000,0x00000000ebb00000)
  to   space 512K, 0% used [0x00000000ebb00000,0x00000000ebb00000,0x00000000ebb80000)
 ParOldGen       total 68608K, used 46937K [0x00000000c0000000, 0x00000000c4300000, 0x00000000eab00000)
  object space 68608K, 68% used [0x00000000c0000000,0x00000000c2dd67b8,0x00000000c4300000)
 Metaspace       used 68418K, committed 69824K, reserved 1114112K
  class space    used 8379K, committed 9024K, reserved 1048576K
}
Event: 232.631 GC heap before
{Heap before GC invocations=117 (full 3):
 PSYoungGen      total 13824K, used 13440K [0x00000000eab00000, 0x00000000ebb80000, 0x0000000100000000)
  eden space 13312K, 100% used [0x00000000eab00000,0x00000000eb800000,0x00000000eb800000)
  from space 512K, 25% used [0x00000000eba80000,0x00000000ebaa0000,0x00000000ebb00000)
  to   space 512K, 0% used [0x00000000ebb00000,0x00000000ebb00000,0x00000000ebb80000)
 ParOldGen       total 68608K, used 46937K [0x00000000c0000000, 0x00000000c4300000, 0x00000000eab00000)
  object space 68608K, 68% used [0x00000000c0000000,0x00000000c2dd67b8,0x00000000c4300000)
 Metaspace       used 68418K, committed 69824K, reserved 1114112K
  class space    used 8379K, committed 9024K, reserved 1048576K
}
Event: 232.632 GC heap after
{Heap after GC invocations=117 (full 3):
 PSYoungGen      total 13824K, used 64K [0x00000000eab00000, 0x00000000ebb80000, 0x0000000100000000)
  eden space 13312K, 0% used [0x00000000eab00000,0x00000000eab00000,0x00000000eb800000)
  from space 512K, 12% used [0x00000000ebb00000,0x00000000ebb10000,0x00000000ebb80000)
  to   space 512K, 0% used [0x00000000eba80000,0x00000000eba80000,0x00000000ebb00000)
 ParOldGen       total 68608K, used 46937K [0x00000000c0000000, 0x00000000c4300000, 0x00000000eab00000)
  object space 68608K, 68% used [0x00000000c0000000,0x00000000c2dd67b8,0x00000000c4300000)
 Metaspace       used 68418K, committed 69824K, reserved 1114112K
  class space    used 8379K, committed 9024K, reserved 1048576K
}
Event: 232.853 GC heap before
{Heap before GC invocations=118 (full 3):
 PSYoungGen      total 13824K, used 13376K [0x00000000eab00000, 0x00000000ebb80000, 0x0000000100000000)
  eden space 13312K, 100% used [0x00000000eab00000,0x00000000eb800000,0x00000000eb800000)
  from space 512K, 12% used [0x00000000ebb00000,0x00000000ebb10000,0x00000000ebb80000)
  to   space 512K, 0% used [0x00000000eba80000,0x00000000eba80000,0x00000000ebb00000)
 ParOldGen       total 68608K, used 46937K [0x00000000c0000000, 0x00000000c4300000, 0x00000000eab00000)
  object space 68608K, 68% used [0x00000000c0000000,0x00000000c2dd67b8,0x00000000c4300000)
 Metaspace       used 68421K, committed 69824K, reserved 1114112K
  class space    used 8379K, committed 9024K, reserved 1048576K
}
Event: 232.855 GC heap after
{Heap after GC invocations=118 (full 3):
 PSYoungGen      total 13824K, used 64K [0x00000000eab00000, 0x00000000ebb80000, 0x0000000100000000)
  eden space 13312K, 0% used [0x00000000eab00000,0x00000000eab00000,0x00000000eb800000)
  from space 512K, 12% used [0x00000000eba80000,0x00000000eba90000,0x00000000ebb00000)
  to   space 512K, 0% used [0x00000000ebb00000,0x00000000ebb00000,0x00000000ebb80000)
 ParOldGen       total 68608K, used 46937K [0x00000000c0000000, 0x00000000c4300000, 0x00000000eab00000)
  object space 68608K, 68% used [0x00000000c0000000,0x00000000c2dd67b8,0x00000000c4300000)
 Metaspace       used 68421K, committed 69824K, reserved 1114112K
  class space    used 8379K, committed 9024K, reserved 1048576K
}
Event: 232.901 GC heap before
{Heap before GC invocations=119 (full 3):
 PSYoungGen      total 13824K, used 13376K [0x00000000eab00000, 0x00000000ebb80000, 0x0000000100000000)
  eden space 13312K, 100% used [0x00000000eab00000,0x00000000eb800000,0x00000000eb800000)
  from space 512K, 12% used [0x00000000eba80000,0x00000000eba90000,0x00000000ebb00000)
  to   space 512K, 0% used [0x00000000ebb00000,0x00000000ebb00000,0x00000000ebb80000)
 ParOldGen       total 68608K, used 46937K [0x00000000c0000000, 0x00000000c4300000, 0x00000000eab00000)
  object space 68608K, 68% used [0x00000000c0000000,0x00000000c2dd67b8,0x00000000c4300000)
 Metaspace       used 68421K, committed 69824K, reserved 1114112K
  class space    used 8379K, committed 9024K, reserved 1048576K
}
Event: 232.902 GC heap after
{Heap after GC invocations=119 (full 3):
 PSYoungGen      total 13824K, used 96K [0x00000000eab00000, 0x00000000ebb80000, 0x0000000100000000)
  eden space 13312K, 0% used [0x00000000eab00000,0x00000000eab00000,0x00000000eb800000)
  from space 512K, 18% used [0x00000000ebb00000,0x00000000ebb18000,0x00000000ebb80000)
  to   space 512K, 0% used [0x00000000eba80000,0x00000000eba80000,0x00000000ebb00000)
 ParOldGen       total 68608K, used 46953K [0x00000000c0000000, 0x00000000c4300000, 0x00000000eab00000)
  object space 68608K, 68% used [0x00000000c0000000,0x00000000c2dda7b8,0x00000000c4300000)
 Metaspace       used 68421K, committed 69824K, reserved 1114112K
  class space    used 8379K, committed 9024K, reserved 1048576K
}
Event: 232.966 GC heap before
{Heap before GC invocations=120 (full 3):
 PSYoungGen      total 13824K, used 13408K [0x00000000eab00000, 0x00000000ebb80000, 0x0000000100000000)
  eden space 13312K, 100% used [0x00000000eab00000,0x00000000eb800000,0x00000000eb800000)
  from space 512K, 18% used [0x00000000ebb00000,0x00000000ebb18000,0x00000000ebb80000)
  to   space 512K, 0% used [0x00000000eba80000,0x00000000eba80000,0x00000000ebb00000)
 ParOldGen       total 68608K, used 46953K [0x00000000c0000000, 0x00000000c4300000, 0x00000000eab00000)
  object space 68608K, 68% used [0x00000000c0000000,0x00000000c2dda7b8,0x00000000c4300000)
 Metaspace       used 68421K, committed 69824K, reserved 1114112K
  class space    used 8379K, committed 9024K, reserved 1048576K
}
Event: 232.967 GC heap after
{Heap after GC invocations=120 (full 3):
 PSYoungGen      total 13824K, used 96K [0x00000000eab00000, 0x00000000ebb80000, 0x0000000100000000)
  eden space 13312K, 0% used [0x00000000eab00000,0x00000000eab00000,0x00000000eb800000)
  from space 512K, 18% used [0x00000000eba80000,0x00000000eba98000,0x00000000ebb00000)
  to   space 512K, 0% used [0x00000000ebb00000,0x00000000ebb00000,0x00000000ebb80000)
 ParOldGen       total 68608K, used 46953K [0x00000000c0000000, 0x00000000c4300000, 0x00000000eab00000)
  object space 68608K, 68% used [0x00000000c0000000,0x00000000c2dda7b8,0x00000000c4300000)
 Metaspace       used 68421K, committed 69824K, reserved 1114112K
  class space    used 8379K, committed 9024K, reserved 1048576K
}
Event: 234.419 GC heap before
{Heap before GC invocations=121 (full 3):
 PSYoungGen      total 13824K, used 13408K [0x00000000eab00000, 0x00000000ebb80000, 0x0000000100000000)
  eden space 13312K, 100% used [0x00000000eab00000,0x00000000eb800000,0x00000000eb800000)
  from space 512K, 18% used [0x00000000eba80000,0x00000000eba98000,0x00000000ebb00000)
  to   space 512K, 0% used [0x00000000ebb00000,0x00000000ebb00000,0x00000000ebb80000)
 ParOldGen       total 68608K, used 46953K [0x00000000c0000000, 0x00000000c4300000, 0x00000000eab00000)
  object space 68608K, 68% used [0x00000000c0000000,0x00000000c2dda7b8,0x00000000c4300000)
 Metaspace       used 68432K, committed 69824K, reserved 1114112K
  class space    used 8379K, committed 9024K, reserved 1048576K
}
Event: 234.423 GC heap after
{Heap after GC invocations=121 (full 3):
 PSYoungGen      total 13824K, used 128K [0x00000000eab00000, 0x00000000ebb80000, 0x0000000100000000)
  eden space 13312K, 0% used [0x00000000eab00000,0x00000000eab00000,0x00000000eb800000)
  from space 512K, 25% used [0x00000000ebb00000,0x00000000ebb20000,0x00000000ebb80000)
  to   space 512K, 0% used [0x00000000eba80000,0x00000000eba80000,0x00000000ebb00000)
 ParOldGen       total 68608K, used 46953K [0x00000000c0000000, 0x00000000c4300000, 0x00000000eab00000)
  object space 68608K, 68% used [0x00000000c0000000,0x00000000c2dda7b8,0x00000000c4300000)
 Metaspace       used 68432K, committed 69824K, reserved 1114112K
  class space    used 8379K, committed 9024K, reserved 1048576K
}
Event: 234.939 GC heap before
{Heap before GC invocations=122 (full 3):
 PSYoungGen      total 13824K, used 13434K [0x00000000eab00000, 0x00000000ebb80000, 0x0000000100000000)
  eden space 13312K, 99% used [0x00000000eab00000,0x00000000eb7fe848,0x00000000eb800000)
  from space 512K, 25% used [0x00000000ebb00000,0x00000000ebb20000,0x00000000ebb80000)
  to   space 512K, 0% used [0x00000000eba80000,0x00000000eba80000,0x00000000ebb00000)
 ParOldGen       total 68608K, used 46953K [0x00000000c0000000, 0x00000000c4300000, 0x00000000eab00000)
  object space 68608K, 68% used [0x00000000c0000000,0x00000000c2dda7b8,0x00000000c4300000)
 Metaspace       used 68820K, committed 70208K, reserved 1114112K
  class space    used 8426K, committed 9088K, reserved 1048576K
}
Event: 234.941 GC heap after
{Heap after GC invocations=122 (full 3):
 PSYoungGen      total 13824K, used 448K [0x00000000eab00000, 0x00000000ebb80000, 0x0000000100000000)
  eden space 13312K, 0% used [0x00000000eab00000,0x00000000eab00000,0x00000000eb800000)
  from space 512K, 87% used [0x00000000eba80000,0x00000000ebaf0000,0x00000000ebb00000)
  to   space 512K, 0% used [0x00000000ebb00000,0x00000000ebb00000,0x00000000ebb80000)
 ParOldGen       total 68608K, used 46985K [0x00000000c0000000, 0x00000000c4300000, 0x00000000eab00000)
  object space 68608K, 68% used [0x00000000c0000000,0x00000000c2de27b8,0x00000000c4300000)
 Metaspace       used 68820K, committed 70208K, reserved 1114112K
  class space    used 8426K, committed 9088K, reserved 1048576K
}

